  main.cpp
c:\users\dever\source\repos\coursework\coursework\main.cpp(31): warning C4244: аргумент: преобразование "double" в "T", возможна потеря данных
          with
          [
              T=float
          ]
c:\users\dever\source\repos\coursework\coursework\main.cpp(32): warning C4244: аргумент: преобразование "double" в "T", возможна потеря данных
          with
          [
              T=float
          ]
c:\users\dever\source\repos\coursework\coursework\main.cpp(33): warning C4244: аргумент: преобразование "double" в "T", возможна потеря данных
          with
          [
              T=float
          ]
c:\users\dever\source\repos\coursework\coursework\main.cpp(34): warning C4244: аргумент: преобразование "double" в "T", возможна потеря данных
          with
          [
              T=float
          ]
c:\users\dever\source\repos\coursework\coursework\main.cpp(35): warning C4244: аргумент: преобразование "double" в "T", возможна потеря данных
          with
          [
              T=float
          ]
c:\users\dever\source\repos\coursework\coursework\main.cpp(36): warning C4244: аргумент: преобразование "double" в "T", возможна потеря данных
          with
          [
              T=float
          ]
c:\users\dever\source\repos\coursework\coursework\main.cpp(37): warning C4244: аргумент: преобразование "double" в "T", возможна потеря данных
          with
          [
              T=float
          ]
c:\users\dever\source\repos\coursework\coursework\main.cpp(38): warning C4244: аргумент: преобразование "double" в "T", возможна потеря данных
          with
          [
              T=float
          ]
c:\users\dever\source\repos\coursework\coursework\main.cpp(39): warning C4244: аргумент: преобразование "double" в "T", возможна потеря данных
          with
          [
              T=float
          ]
c:\users\dever\source\repos\coursework\coursework\main.cpp(40): warning C4244: аргумент: преобразование "double" в "T", возможна потеря данных
          with
          [
              T=float
          ]
c:\users\dever\source\repos\coursework\coursework\main.cpp(41): warning C4244: аргумент: преобразование "double" в "T", возможна потеря данных
          with
          [
              T=float
          ]
c:\users\dever\source\repos\coursework\coursework\main.cpp(75): warning C4244: аргумент: преобразование "double" в "float", возможна потеря данных
  coursework.vcxproj -> C:\Users\dever\source\repos\coursework\Debug\coursework.exe
